<?xml version="1.0" encoding="UTF-8" standalone="no"?>
<testsuite failures="0" name="cucumber.runtime.formatter.JUnitFormatter" skipped="0" tests="1" time="20.006525">
<testcase classname="free CRM application POM test" name="validate Free CRM Home Page Test" time="20.006525">
<system-out><![CDATA[Given user opens browser....................................................passed
Then user is on Login Page..................................................passed
Then user logs into app.....................................................passed
Then validate home page title...............................................passed
Then validate logged user name..............................................passed
]]></system-out>
</testcase>
</testsuite>
